빌드 시작: 2017-07-21 오후 3:45:54
     1>2 노드의 "C:\Users\JoWookJae\Documents\Visual Studio 2012\Projects\VirusImage\VirusImage\VirusImage.vcxproj" 프로젝트(Build 대상)입니다.
     1>ClCompile:
         C:\Program Files (x86)\Microsoft Visual Studio 11.0\VC\bin\x86_amd64\CL.exe /c /IC:\openCV2410\opencv\build\include /Zi /nologo /W3 /WX- /Od /D _AFXDLL /D x64 /D _DEBUG /D _CONSOLE /D _UNICODE /D UNICODE /Gm /EHsc /RTC1 /MDd /GS /fp:precise /Zc:wchar_t /Zc:forScope /Fo"x64\Debug\\" /Fd"x64\Debug\vc110.pdb" /Gd /TP /errorReport:prompt VirusImage.cpp
         VirusImage.cpp
         _WIN32_WINNT not defined. Defaulting to _WIN32_WINNT_MAXVER (see WinSDKVer.h)
     1>c:\opencv2410\opencv\build\include\opencv2\flann\dist.h : warning C4819: 현재 코드 페이지(949)에서 표시할 수 없는 문자가 파일에 들어 있습니다. 데이터가 손실되지 않게 하려면 해당 파일을 유니코드 형식으로 저장하십시오.
     1>c:\opencv2410\opencv\build\include\opencv2\flann\logger.h(66): warning C4996: 'fopen': This function or variable may be unsafe. Consider using fopen_s instead. To disable deprecation, use _CRT_SECURE_NO_WARNINGS. See online help for details.
                 C:\Program Files (x86)\Microsoft Visual Studio 11.0\VC\include\stdio.h(218) : 'fopen' 선언을 참조하십시오.
     1>VirusImage.cpp(17): warning C4005: 'MAX_PATH' : 매크로 재정의
                 C:\Program Files (x86)\Windows Kits\8.0\Include\shared\minwindef.h(60) : 'MAX_PATH'의 이전 정의를 참조하십시오.
     1>VirusImage.cpp(22): warning C4101: 'width' :참조되지 않은 지역 변수입니다.
     1>VirusImage.cpp(64): warning C4267: '인수' : 'size_t'에서 'int'(으)로 변환하면서 데이터가 손실될 수 있습니다.
     1>VirusImage.cpp(66): warning C4996: 'sprintf': This function or variable may be unsafe. Consider using sprintf_s instead. To disable deprecation, use _CRT_SECURE_NO_WARNINGS. See online help for details.
                 C:\Program Files (x86)\Microsoft Visual Studio 11.0\VC\include\stdio.h(357) : 'sprintf' 선언을 참조하십시오.
     1>VirusImage.cpp(76): warning C4244: '=' : 'intptr_t'에서 'long'(으)로 변환하면서 데이터가 손실될 수 있습니다.
     1>c:\users\jowookjae\documents\visual studio 2012\projects\virusimage\virusimage\virusimage.cpp(43): warning C4715: 'ImageSize' : 모든 제어 경로에서 값을 반환하지는 않습니다.
       Link:
         C:\Program Files (x86)\Microsoft Visual Studio 11.0\VC\bin\x86_amd64\link.exe /ERRORREPORT:PROMPT /OUT:"C:\Users\JoWookJae\Documents\Visual Studio 2012\Projects\VirusImage\x64\Debug\VirusImage.exe" /INCREMENTAL:NO /NOLOGO /LIBPATH:C:\openCV2410\opencv\build\x64\vc11\lib kernel32.lib user32.lib gdi32.lib winspool.lib comdlg32.lib advapi32.lib shell32.lib ole32.lib oleaut32.lib uuid.lib odbc32.lib odbccp32.lib /MANIFEST /MANIFESTUAC:"level='asInvoker' uiAccess='false'" /manifest:embed /DEBUG /PDB:"C:\Users\JoWookJae\Documents\Visual Studio 2012\Projects\VirusImage\x64\Debug\VirusImage.pdb" /SUBSYSTEM:CONSOLE /TLBID:1 /DYNAMICBASE /NXCOMPAT /IMPLIB:"C:\Users\JoWookJae\Documents\Visual Studio 2012\Projects\VirusImage\x64\Debug\VirusImage.lib" /MACHINE:X64 x64\Debug\VirusImage.obj
     1>VirusImage.obj : error LNK2019: cvCreateImage 외부 기호(참조 위치: "void __cdecl SaveImage(class std::basic_string<char,struct std::char_traits<char>,class std::allocator<char> >,class std::basic_string<char,struct std::char_traits<char>,class std::allocator<char> >)" (?SaveImage@@YAXV?$basic_string@DU?$char_traits@D@std@@V?$allocator@D@2@@std@@0@Z) 함수)에서 확인하지 못했습니다.
     1>VirusImage.obj : error LNK2019: cvSaveImage 외부 기호(참조 위치: "void __cdecl SaveImage(class std::basic_string<char,struct std::char_traits<char>,class std::allocator<char> >,class std::basic_string<char,struct std::char_traits<char>,class std::allocator<char> >)" (?SaveImage@@YAXV?$basic_string@DU?$char_traits@D@std@@V?$allocator@D@2@@std@@0@Z) 함수)에서 확인하지 못했습니다.
     1>C:\Users\JoWookJae\Documents\Visual Studio 2012\Projects\VirusImage\x64\Debug\VirusImage.exe : fatal error LNK1120: 2개의 확인할 수 없는 외부 참조입니다.
     1>"C:\Users\JoWookJae\Documents\Visual Studio 2012\Projects\VirusImage\VirusImage\VirusImage.vcxproj" 프로젝트를 빌드했습니다(Build 대상). - 실패

빌드하지 못했습니다.

경과 시간: 00:00:02.06
