빌드 시작: 2017-10-18 오후 8:41:03
     1>2 노드의 "C:\Users\JoWookJae\Documents\Visual Studio 2012\Projects\VirusImage\VirusImage\VirusImage.vcxproj" 프로젝트(Build 대상)입니다.
     1>ClCompile:
         C:\Program Files (x86)\Microsoft Visual Studio 11.0\VC\bin\CL.exe /c /IC:\openCV2410\opencv\build\include /ZI /nologo /W3 /WX- /Od /Oy- /D _AFXDLL /D WIN32 /D _DEBUG /D _CONSOLE /D _UNICODE /D UNICODE /Gm /EHsc /RTC1 /MDd /GS /fp:precise /Zc:wchar_t /Zc:forScope /Fo"Debug\\" /Fd"Debug\vc110.pdb" /Gd /TP /analyze- /errorReport:prompt VirusImage.cpp
         VirusImage.cpp
         _WIN32_WINNT not defined. Defaulting to _WIN32_WINNT_MAXVER (see WinSDKVer.h)
     1>c:\opencv2410\opencv\build\include\opencv2\flann\dist.h : warning C4819: 현재 코드 페이지(949)에서 표시할 수 없는 문자가 파일에 들어 있습니다. 데이터가 손실되지 않게 하려면 해당 파일을 유니코드 형식으로 저장하십시오.
     1>c:\opencv2410\opencv\build\include\opencv2\flann\logger.h(66): warning C4996: 'fopen': This function or variable may be unsafe. Consider using fopen_s instead. To disable deprecation, use _CRT_SECURE_NO_WARNINGS. See online help for details.
                 c:\program files (x86)\microsoft visual studio 11.0\vc\include\stdio.h(218) : 'fopen' 선언을 참조하십시오.
     1>c:\users\jowookjae\documents\visual studio 2012\projects\virusimage\virusimage\virusimage.cpp(22): warning C4005: 'MAX_PATH' : 매크로 재정의
                 c:\program files (x86)\windows kits\8.0\include\shared\minwindef.h(60) : 'MAX_PATH'의 이전 정의를 참조하십시오.
     1>c:\users\jowookjae\documents\visual studio 2012\projects\virusimage\virusimage\virusimage.cpp(27): warning C4101: 'width' :참조되지 않은 지역 변수입니다.
     1>c:\users\jowookjae\documents\visual studio 2012\projects\virusimage\virusimage\virusimage.cpp(64): warning C4244: '=' : 'std::streamoff'에서 'size_t'(으)로 변환하면서 데이터가 손실될 수 있습니다.
     1>c:\users\jowookjae\documents\visual studio 2012\projects\virusimage\virusimage\virusimage.cpp(87): warning C4996: 'sprintf': This function or variable may be unsafe. Consider using sprintf_s instead. To disable deprecation, use _CRT_SECURE_NO_WARNINGS. See online help for details.
                 c:\program files (x86)\microsoft visual studio 11.0\vc\include\stdio.h(357) : 'sprintf' 선언을 참조하십시오.
     1>c:\users\jowookjae\documents\visual studio 2012\projects\virusimage\virusimage\virusimage.cpp(48): warning C4715: 'ImageSize' : 모든 제어 경로에서 값을 반환하지는 않습니다.
       Link:
         C:\Program Files (x86)\Microsoft Visual Studio 11.0\VC\bin\link.exe /ERRORREPORT:PROMPT /OUT:"C:\Users\JoWookJae\Documents\Visual Studio 2012\Projects\VirusImage\Debug\VirusImage.exe" /INCREMENTAL:NO /NOLOGO /LIBPATH:C:\openCV2410\opencv\build\x86\vc11\lib opencv_calib3d249d.lib opencv_contrib249d.lib opencv_core249d.lib opencv_features2d249d.lib opencv_flann249d.lib opencv_gpu249d.lib opencv_highgui249d.lib opencv_imgproc249d.lib opencv_legacy249d.lib opencv_ml249d.lib opencv_nonfree249d.lib opencv_objdetect249d.lib opencv_ocl249d.lib opencv_photo249d.lib opencv_stitching249d.lib opencv_superres249d.lib opencv_ts249d.lib opencv_video249d.lib opencv_videostab249d.lib kernel32.lib user32.lib gdi32.lib winspool.lib comdlg32.lib advapi32.lib shell32.lib ole32.lib oleaut32.lib uuid.lib odbc32.lib odbccp32.lib /MANIFEST /MANIFESTUAC:"level='asInvoker' uiAccess='false'" /manifest:embed /DEBUG /PDB:"C:\Users\JoWookJae\Documents\Visual Studio 2012\Projects\VirusImage\Debug\VirusImage.pdb" /SUBSYSTEM:CONSOLE /TLBID:1 /DYNAMICBASE /NXCOMPAT /IMPLIB:"C:\Users\JoWookJae\Documents\Visual Studio 2012\Projects\VirusImage\Debug\VirusImage.lib" /MACHINE:X86 Debug\VirusImage.obj
     1>VirusImage.obj : warning LNK4075: '/EDITANDCONTINUE'이(가) '/OPT:LBR' 사양으로 인해 무시됩니다.
         VirusImage.vcxproj -> C:\Users\JoWookJae\Documents\Visual Studio 2012\Projects\VirusImage\Debug\VirusImage.exe
     1>"C:\Users\JoWookJae\Documents\Visual Studio 2012\Projects\VirusImage\VirusImage\VirusImage.vcxproj" 프로젝트를 빌드했습니다(Build 대상).

빌드했습니다.

경과 시간: 00:00:02.56
